<?xml version="1.0" encoding="UTF-8"?>
<?xml-stylesheet type="text/xsl" href="junit.xsl"?>
<testsuites>
  <meta_test_info page_active="no-links" link_url=""/>
  <testsuite name="tests" tests="1" errors="1" failures="0" skipped="0" pending="0" total="1" time="0.006325">
    <properties>
[...]
</properties>
    <testcase classname="." name="00_master.rb" time="0.005658">
      <failure type="error" message="cannot load such file -- spec_helper_acceptance"><![CDATA[/System/Library/Frameworks/Ruby.framework/Versions/2.0/usr/lib/ruby/2.0.0/rubygems/core_ext/kernel_require.rb:55:in `require'\n/System/Library/Frameworks/Ruby.framework/Versions/2.0/usr/lib/ruby/2.0.0/rubygems/core_ext/kernel_require.rb:55:in `require'\n00_master.rb:1:in `block in run_test'\n/Library/Ruby/Gems/2.0.0/gems/beaker-2.51.0/lib/beaker/test_case.rb:133:in `eval'\n/Library/Ruby/Gems/2.0.0/gems/beaker-2.51.0/lib/beaker/test_case.rb:133:in `block in run_test'\n/System/Library/Frameworks/Ruby.framework/Versions/2.0/usr/lib/ruby/2.0.0/benchmark.rb:296:in `realtime'\n/Library/Ruby/Gems/2.0.0/gems/beaker-2.51.0/lib/beaker/test_case.rb:130:in `run_test'\n/Library/Ruby/Gems/2.0.0/gems/beaker-2.51.0/lib/beaker/test_suite.rb:325:in `block in run'\n/Library/Ruby/Gems/2.0.0/gems/beaker-2.51.0/lib/beaker/test_suite.rb:322:in `each'\n/Library/Ruby/Gems/2.0.0/gems/beaker-2.51.0/lib/beaker/test_suite.rb:322:in `run'\n/Library/Ruby/Gems/2.0.0/gems/beaker-2.51.0/lib/beaker/test_suite.rb:371:in `run_and_raise_on_failure'\n/Library/Ruby/Gems/2.0.0/gems/beaker-2.51.0/lib/beaker/cli.rb:174:in `run_suite'\n/Library/Ruby/Gems/2.0.0/gems/beaker-2.51.0/lib/beaker/cli.rb:100:in `execute!'\n/Library/Ruby/Gems/2.0.0/gems/beaker-2.51.0/bin/beaker:6:in `<top (required)>'\n/usr/local/bin/beaker:23:in `load'\n/usr/local/bin/beaker:23:in `<main>']]></failure>
      <system-out><![CDATA[LoadError: cannot load such file -- spec_helper_acceptance
/Users/rary/workspace/yumsync/spec/acceptance/00_master.rb:1
/Library/Ruby/Gems/2.0.0/gems/beaker-2.51.0/bin/beaker:6
Begin teardown
End teardown
]]></system-out>
    </testcase>
  </testsuite>
</testsuites>
